Using pre-set license
Built from '2020.3/staging' branch; Version is '2020.3.19f1 (68f137dc9bbe) revision 6877495'; Using compiler version '192528614'; Build Type 'Release'
OS: 'Windows 10 Pro; OS build 19042.1348; Version 2009; 64bit' Language: 'pt' Physical Memory: 16099 MB
BatchMode: 1, IsHumanControllingUs: 0, StartBugReporterOnCrash: 0, Is64bit: 1, IsPro: 0

COMMAND LINE ARGUMENTS:
C:\Program Files\Unity\Hub\Editor\2020.3.19f1\Editor\Unity.exe
-adb2
-batchMode
-noUpm
-name
AssetImportWorker0
-projectPath
C:/Users/aluno/Downloads/Aurianco
-logFile
Logs/AssetImportWorker0.log
-srvPort
60494
Successfully changed project path to: C:/Users/aluno/Downloads/Aurianco
C:/Users/aluno/Downloads/Aurianco
Using Asset Import Pipeline V2.
Refreshing native plugins compatible for Editor in 39.12 ms, found 3 plugins.
Preloading 0 native plugins for Editor in 0.00 ms.
Initialize engine version: 2020.3.19f1 (68f137dc9bbe)
[Subsystems] Discovering subsystems at path C:/Program Files/Unity/Hub/Editor/2020.3.19f1/Editor/Data/Resources/UnitySubsystems
[Subsystems] Discovering subsystems at path C:/Users/aluno/Downloads/Aurianco/Assets
GfxDevice: creating device client; threaded=0
Direct3D:
    Version:  Direct3D 11.0 [level 11.1]
    Renderer: Intel(R) UHD Graphics 630 (ID=0x9bc5)
    Vendor:   
    VRAM:     8049 MB
    Driver:   27.20.100.9664
Initialize mono
Mono path[0] = 'C:/Program Files/Unity/Hub/Editor/2020.3.19f1/Editor/Data/Managed'
Mono path[1] = 'C:/Program Files/Unity/Hub/Editor/2020.3.19f1/Editor/Data/MonoBleedingEdge/lib/mono/unityjit'
Mono config path = 'C:/Program Files/Unity/Hub/Editor/2020.3.19f1/Editor/Data/MonoBleedingEdge/etc'
Using monoOptions --debugger-agent=transport=dt_socket,embedding=1,server=y,suspend=n,address=127.0.0.1:56020
Begin MonoManager ReloadAssembly
Registering precompiled unity dll's ...
Register platform support module: C:/Program Files/Unity/Hub/Editor/2020.3.19f1/Editor/Data/PlaybackEngines/WindowsStandaloneSupport/UnityEditor.WindowsStandalone.Extensions.dll
Registered in 0.001590 seconds.
Native extension for WindowsStandalone target not found
Refreshing native plugins compatible for Editor in 40.06 ms, found 3 plugins.
Preloading 0 native plugins for Editor in 0.00 ms.
Mono: successfully reloaded assembly
- Completed reload, in  0.950 seconds
Domain Reload Profiling:
	ReloadAssembly (950ms)
		BeginReloadAssembly (50ms)
			ExecutionOrderSort (0ms)
			DisableScriptedObjects (0ms)
			BackupInstance (0ms)
			ReleaseScriptingObjects (0ms)
			CreateAndSetChildDomain (1ms)
		EndReloadAssembly (397ms)
			LoadAssemblies (48ms)
			RebuildTransferFunctionScriptingTraits (0ms)
			SetupTypeCache (138ms)
			ReleaseScriptCaches (0ms)
			RebuildScriptCaches (28ms)
			SetupLoadedEditorAssemblies (159ms)
				LogAssemblyErrors (0ms)
				InitializePlatformSupportModulesInManaged (4ms)
				SetLoadedEditorAssemblies (0ms)
				RefreshPlugins (40ms)
				BeforeProcessingInitializeOnLoad (8ms)
				ProcessInitializeOnLoadAttributes (78ms)
				ProcessInitializeOnLoadMethodAttributes (28ms)
				AfterProcessingInitializeOnLoad (0ms)
				EditorAssembliesLoaded (0ms)
			ExecutionOrderSort2 (0ms)
			AwakeInstancesAfterBackupRestoration (0ms)
Platform modules already initialized, skipping
Registering precompiled user dll's ...
Registered in 0.002634 seconds.
Begin MonoManager ReloadAssembly
Native extension for WindowsStandalone target not found
Refreshing native plugins compatible for Editor in 44.82 ms, found 3 plugins.
Preloading 0 native plugins for Editor in 0.00 ms.
Mono: successfully reloaded assembly
- Completed reload, in  1.033 seconds
Domain Reload Profiling:
	ReloadAssembly (1034ms)
		BeginReloadAssembly (130ms)
			ExecutionOrderSort (0ms)
			DisableScriptedObjects (4ms)
			BackupInstance (0ms)
			ReleaseScriptingObjects (0ms)
			CreateAndSetChildDomain (16ms)
		EndReloadAssembly (847ms)
			LoadAssemblies (84ms)
			RebuildTransferFunctionScriptingTraits (0ms)
			SetupTypeCache (278ms)
			ReleaseScriptCaches (0ms)
			RebuildScriptCaches (44ms)
			SetupLoadedEditorAssemblies (316ms)
				LogAssemblyErrors (0ms)
				InitializePlatformSupportModulesInManaged (5ms)
				SetLoadedEditorAssemblies (0ms)
				RefreshPlugins (45ms)
				BeforeProcessingInitializeOnLoad (59ms)
				ProcessInitializeOnLoadAttributes (190ms)
				ProcessInitializeOnLoadMethodAttributes (12ms)
				AfterProcessingInitializeOnLoad (5ms)
				EditorAssembliesLoaded (0ms)
			ExecutionOrderSort2 (0ms)
			AwakeInstancesAfterBackupRestoration (6ms)
Platform modules already initialized, skipping
========================================================================
Worker process is ready to serve import requests
Launched and connected shader compiler UnityShaderCompiler.exe after 0.05 seconds
Refreshing native plugins compatible for Editor in 0.49 ms, found 3 plugins.
Preloading 0 native plugins for Editor in 0.00 ms.
Unloading 2091 Unused Serialized files (Serialized files now loaded: 0)
System memory in use before: 93.0 MB.
System memory in use after: 93.1 MB.

Unloading 26 unused Assets to reduce memory usage. Loaded Objects now: 2530.
Total: 2.822300 ms (FindLiveObjects: 0.179400 ms CreateObjectMapping: 0.080700 ms MarkObjects: 2.458500 ms  DeleteObjects: 0.102400 ms)

AssetImportParameters requested are different than current active one (requested -> active):
  custom:framework-win-MediaFoundation: 216162199b28c13a410421893ffa2e32 -> 
  custom:video-decoder-ogg-theora: a1e56fd34408186e4bbccfd4996cb3dc -> 
  custom:container-muxer-webm: aa71ff27fc2769a1b78a27578f13a17b -> 
  custom:container-demuxer-webm: 4f35f7cbe854078d1ac9338744f61a02 -> 
  custom:container-demuxer-ogg: 62fdf1f143b41e24485cea50d1cbac27 -> 
  custom:video-encoder-webm-vp8: eb34c28f22e8b96e1ab97ce403110664 -> 
  custom:video-codec-MediaFoundation-h265: 746d11721c4dcdbdad8f713fa42b33f4 -> 
  custom:video-decoder-webm-vp8: 9c59270c3fd7afecdb556c50c9e8de78 -> 
  custom:audio-decoder-ogg-vorbis: bf7c407c2cedff20999df2af8eb42d56 -> 
  custom:audio-encoder-webm-vorbis: bf7c407c2cedff20999df2af8eb42d56 -> 
========================================================================
Received Import Request.
  path: Assets/Scenes
  artifactKey: Guid(cc525b07f4a8ce5479d3301c80317c1d) Importer(815301076,1909f56bfc062723c751e8b465ee728b)
Start importing Assets/Scenes using Guid(cc525b07f4a8ce5479d3301c80317c1d) Importer(815301076,1909f56bfc062723c751e8b465ee728b)  -> (artifact id: '3554bb84f11c2e1b2de42ea1920f0721') in 0.012092 seconds 
  Import took 0.014885 seconds .

========================================================================
Received Import Request.
  Time since last request: 122.369282 seconds.
  path: Assets/Sprites_Cena01
  artifactKey: Guid(a2b038ae50d618c40840e3734e22d5f5) Importer(815301076,1909f56bfc062723c751e8b465ee728b)
Start importing Assets/Sprites_Cena01 using Guid(a2b038ae50d618c40840e3734e22d5f5) Importer(815301076,1909f56bfc062723c751e8b465ee728b)  -> (artifact id: '69b2b456b2a3ed7a88d144932b186c1b') in 0.014552 seconds 
  Import took 0.017923 seconds .

========================================================================
Received Import Request.
  Time since last request: 71.679288 seconds.
  path: Assets/Sprites_Cena01/layerParede.png
  artifactKey: Guid(1048fbe67469a6745b7c68f7eeedaa6a) Importer(815301076,1909f56bfc062723c751e8b465ee728b)
Start importing Assets/Sprites_Cena01/layerParede.png using Guid(1048fbe67469a6745b7c68f7eeedaa6a) Importer(815301076,1909f56bfc062723c751e8b465ee728b)  -> (artifact id: 'b180f6e9acc2456d9cf8888bf48fd679') in 0.080945 seconds 
  Import took 0.084154 seconds .

========================================================================
Received Import Request.
  Time since last request: 35.630388 seconds.
  path: Assets/Sprites_Cena01/layerCampo-02.png
  artifactKey: Guid(824b970aaabd43047814fcfbbdeee277) Importer(815301076,1909f56bfc062723c751e8b465ee728b)
Start importing Assets/Sprites_Cena01/layerCampo-02.png using Guid(824b970aaabd43047814fcfbbdeee277) Importer(815301076,1909f56bfc062723c751e8b465ee728b)  -> (artifact id: 'b55d5c3aebec6bf2c365939712a71cd0') in 0.021437 seconds 
  Import took 0.025914 seconds .

========================================================================
Received Import Request.
  Time since last request: 37.737365 seconds.
  path: Assets/Sprites_Cena01/layerBancada.png
  artifactKey: Guid(9fe102bd5c91c0b46b676dbb36427c6d) Importer(815301076,1909f56bfc062723c751e8b465ee728b)
Start importing Assets/Sprites_Cena01/layerBancada.png using Guid(9fe102bd5c91c0b46b676dbb36427c6d) Importer(815301076,1909f56bfc062723c751e8b465ee728b)  -> (artifact id: '404bf246d35454abf2208ed6b4b95294') in 0.030334 seconds 
  Import took 0.035744 seconds .

========================================================================
Received Import Request.
  Time since last request: 1339.393077 seconds.
  path: Assets/Sprites_Cena01/Laranja.png
  artifactKey: Guid(f6be36a4904f55f4b9f1bc8e1228052e) Importer(815301076,1909f56bfc062723c751e8b465ee728b)
Start importing Assets/Sprites_Cena01/Laranja.png using Guid(f6be36a4904f55f4b9f1bc8e1228052e) Importer(815301076,1909f56bfc062723c751e8b465ee728b)  -> (artifact id: '0ac452ab4c571ee8cd1492c91fd63720') in 0.022599 seconds 
  Import took 0.026253 seconds .

AssetImportWorkerClient::OnTransportError - code=2 error=End of file
